[18:57:24] [Server thread/INFO]: Starting minecraft server version 1.12
[18:57:24] [Server thread/INFO]: Loading properties
[18:57:24] [Server thread/INFO]: Default game type: CREATIVE
[18:57:24] [Server thread/INFO]: Generating keypair
[18:57:24] [Server thread/INFO]: Starting Minecraft server on *:25565
[18:57:24] [Server thread/INFO]: Using default channel type
[18:57:24] [Server thread/INFO]: This server is running CraftBukkit version git-Bukkit-ed8c725 (MC: 1.12) (Implementing API version 1.12-R0.1-SNAPSHOT)
[18:57:24] [Server thread/INFO]: [RaspberryJuice] Loading RaspberryJuice v1.10
[18:57:24] [Server thread/WARN]: **** SERVER IS RUNNING IN OFFLINE/INSECURE MODE!
[18:57:24] [Server thread/WARN]: The server will make no attempt to authenticate usernames. Beware.
[18:57:24] [Server thread/WARN]: While this makes the game possible to play without internet access, it also opens up the ability for hackers to connect with any username they choose.
[18:57:24] [Server thread/WARN]: To change this, set "online-mode" to "true" in the server.properties file.
[18:57:24] [Server thread/INFO]: Preparing level "world"
[18:57:24] [Server thread/INFO]: Preparing start region for level 0 (Seed: 8094760750219985010)
[18:57:25] [Server thread/INFO]: Preparing spawn area: 97%
[18:57:25] [Server thread/INFO]: Preparing start region for level 1 (Seed: 8094760750219985010)
[18:57:26] [Server thread/INFO]: Preparing start region for level 2 (Seed: 8094760750219985010)
[18:57:26] [Server thread/INFO]: [RaspberryJuice] Enabling RaspberryJuice v1.10
[18:57:26] [Server thread/INFO]: [RaspberryJuice] Using port 4711
[18:57:26] [Server thread/INFO]: [RaspberryJuice] Using ABSOLUTE locations
[18:57:26] [Server thread/INFO]: [RaspberryJuice] Using BOTH clicks for hits
[18:57:26] [Server thread/INFO]: [RaspberryJuice] ThreadListener Started
[18:57:26] [Server thread/INFO]: Server permissions file permissions.yml is empty, ignoring it
[18:57:26] [Server thread/INFO]: Done (1,776s)! For help, type "help" or "?"
[18:57:35] [Thread-4/INFO]: [RaspberryJuice] Opened connection to/127.0.0.1:53801.
[18:57:35] [Thread-7/INFO]: [RaspberryJuice] Starting output thread!
[18:57:35] [Thread-6/INFO]: [RaspberryJuice] Starting input thread
[18:57:35] [Thread-8/INFO]: [RaspberryJuice] Starting input thread
[18:57:35] [Thread-4/INFO]: [RaspberryJuice] Opened connection to/127.0.0.1:53802.
[18:57:35] [Thread-9/INFO]: [RaspberryJuice] Starting output thread!
[18:57:35] [Server thread/INFO]: ChatBot ha recibido: Hola[m

[18:57:35] [Server thread/INFO]: InsultBot dice: Hola, pero en realidad, ¡eres una tortuga![m

[18:57:35] [Server thread/INFO]: TNTBot ha recibido: Hola[m

[18:57:35] [Server thread/INFO]: ChatBot ha recibido: Hola[m

[18:57:35] [Server thread/WARN]: [RaspberryJuice] Error occured handling command
[18:57:35] [Server thread/WARN]: java.lang.NullPointerException: Cannot invoke "org.bukkit.entity.Player.getLocation()" because "currentPlayer" is null

[18:57:35] [Server thread/WARN]: 	at net.zhuoweizhang.raspberryjuice.RemoteSession.handleCommand(RemoteSession.java:263)

[18:57:35] [Server thread/WARN]: 	at net.zhuoweizhang.raspberryjuice.RemoteSession.handleLine(RemoteSession.java:133)

[18:57:35] [Server thread/WARN]: 	at net.zhuoweizhang.raspberryjuice.RemoteSession.tick(RemoteSession.java:113)

[18:57:35] [Server thread/WARN]: 	at net.zhuoweizhang.raspberryjuice.RaspberryJuicePlugin$TickHandler.run(RaspberryJuicePlugin.java:197)

[18:57:35] [Server thread/WARN]: 	at org.bukkit.craftbukkit.v1_12_R1.scheduler.CraftTask.run(CraftTask.java:53)

[18:57:35] [Server thread/WARN]: 	at org.bukkit.craftbukkit.v1_12_R1.scheduler.CraftScheduler.mainThreadHeartbeat(CraftScheduler.java:352)

[18:57:35] [Server thread/WARN]: 	at net.minecraft.server.v1_12_R1.MinecraftServer.D(MinecraftServer.java:689)

[18:57:35] [Server thread/WARN]: 	at net.minecraft.server.v1_12_R1.DedicatedServer.D(DedicatedServer.java:366)

[18:57:35] [Server thread/WARN]: 	at net.minecraft.server.v1_12_R1.MinecraftServer.C(MinecraftServer.java:650)

[18:57:35] [Server thread/WARN]: 	at net.minecraft.server.v1_12_R1.MinecraftServer.run(MinecraftServer.java:554)

[18:57:35] [Server thread/WARN]: 	at java.base/java.lang.Thread.run(Unknown Source)

[18:57:35] [Server thread/INFO]: MoveBehavior: Agente movido a la posición (11, 5, 10)[m

[18:57:35] [Server thread/INFO]: BuildBehavior: Torre de piedra construida.[m

[18:57:35] [Server thread/INFO]: DestroyBehavior: Bloque destruido.[m

[18:57:35] [Server thread/INFO]: ChatBot ha recibido: ¿Cómo estás?[m

[18:57:35] [Server thread/INFO]: InsultBot dice: ¿Cómo estás?, pero en realidad, ¡eres una tortuga![m

[18:57:35] [Server thread/INFO]: TNTBot ha recibido: ¿Cómo estás?[m

[18:57:35] [Server thread/INFO]: ChatBot ha recibido: ¿Cómo estás?[m

[18:57:35] [Server thread/WARN]: [RaspberryJuice] Error occured handling command
[18:57:35] [Server thread/WARN]: java.lang.NullPointerException: Cannot invoke "org.bukkit.entity.Player.getLocation()" because "currentPlayer" is null

[18:57:35] [Server thread/WARN]: 	at net.zhuoweizhang.raspberryjuice.RemoteSession.handleCommand(RemoteSession.java:263)

[18:57:35] [Server thread/WARN]: 	at net.zhuoweizhang.raspberryjuice.RemoteSession.handleLine(RemoteSession.java:133)

[18:57:35] [Server thread/WARN]: 	at net.zhuoweizhang.raspberryjuice.RemoteSession.tick(RemoteSession.java:113)

[18:57:35] [Server thread/WARN]: 	at net.zhuoweizhang.raspberryjuice.RaspberryJuicePlugin$TickHandler.run(RaspberryJuicePlugin.java:197)

[18:57:35] [Server thread/WARN]: 	at org.bukkit.craftbukkit.v1_12_R1.scheduler.CraftTask.run(CraftTask.java:53)

[18:57:35] [Server thread/WARN]: 	at org.bukkit.craftbukkit.v1_12_R1.scheduler.CraftScheduler.mainThreadHeartbeat(CraftScheduler.java:352)

[18:57:35] [Server thread/WARN]: 	at net.minecraft.server.v1_12_R1.MinecraftServer.D(MinecraftServer.java:689)

[18:57:35] [Server thread/WARN]: 	at net.minecraft.server.v1_12_R1.DedicatedServer.D(DedicatedServer.java:366)

[18:57:35] [Server thread/WARN]: 	at net.minecraft.server.v1_12_R1.MinecraftServer.C(MinecraftServer.java:650)

[18:57:35] [Server thread/WARN]: 	at net.minecraft.server.v1_12_R1.MinecraftServer.run(MinecraftServer.java:554)

[18:57:35] [Server thread/WARN]: 	at java.base/java.lang.Thread.run(Unknown Source)

[18:57:35] [Server thread/INFO]: MoveBehavior: Agente movido a la posición (11, 5, 10)[m

[18:57:35] [Server thread/INFO]: BuildBehavior: Torre de piedra construida.[m

[18:57:35] [Server thread/INFO]: DestroyBehavior: Bloque destruido.[m

[18:57:35] [Server thread/INFO]: ChatBot ha recibido: Explota esto[m

[18:57:35] [Server thread/INFO]: InsultBot dice: Explota esto, pero en realidad, ¡eres una tortuga![m

[18:57:35] [Server thread/INFO]: TNTBot ha recibido: Explota esto[m

[18:57:35] [Server thread/INFO]: ChatBot ha recibido: Explota esto[m

[18:57:35] [Server thread/WARN]: [RaspberryJuice] Error occured handling command
[18:57:35] [Server thread/WARN]: java.lang.NullPointerException: Cannot invoke "org.bukkit.entity.Player.getLocation()" because "currentPlayer" is null

[18:57:35] [Server thread/WARN]: 	at net.zhuoweizhang.raspberryjuice.RemoteSession.handleCommand(RemoteSession.java:263)

[18:57:35] [Server thread/WARN]: 	at net.zhuoweizhang.raspberryjuice.RemoteSession.handleLine(RemoteSession.java:133)

[18:57:35] [Server thread/WARN]: 	at net.zhuoweizhang.raspberryjuice.RemoteSession.tick(RemoteSession.java:113)

[18:57:35] [Server thread/WARN]: 	at net.zhuoweizhang.raspberryjuice.RaspberryJuicePlugin$TickHandler.run(RaspberryJuicePlugin.java:197)

[18:57:35] [Server thread/WARN]: 	at org.bukkit.craftbukkit.v1_12_R1.scheduler.CraftTask.run(CraftTask.java:53)

[18:57:35] [Server thread/WARN]: 	at org.bukkit.craftbukkit.v1_12_R1.scheduler.CraftScheduler.mainThreadHeartbeat(CraftScheduler.java:352)

[18:57:35] [Server thread/WARN]: 	at net.minecraft.server.v1_12_R1.MinecraftServer.D(MinecraftServer.java:689)

[18:57:35] [Server thread/WARN]: 	at net.minecraft.server.v1_12_R1.DedicatedServer.D(DedicatedServer.java:366)

[18:57:35] [Server thread/WARN]: 	at net.minecraft.server.v1_12_R1.MinecraftServer.C(MinecraftServer.java:650)

[18:57:35] [Server thread/WARN]: 	at net.minecraft.server.v1_12_R1.MinecraftServer.run(MinecraftServer.java:554)

[18:57:35] [Server thread/WARN]: 	at java.base/java.lang.Thread.run(Unknown Source)

[18:57:35] [Server thread/INFO]: MoveBehavior: Agente movido a la posición (11, 5, 10)[m

[18:57:35] [Server thread/INFO]: BuildBehavior: Torre de piedra construida.[m

[18:57:35] [Server thread/INFO]: DestroyBehavior: Bloque destruido.[m

[18:57:35] [Server thread/INFO]: ChatBot ha recibido: Construye una torre[m

[18:57:35] [Server thread/INFO]: InsultBot dice: Construye una torre, pero en realidad, ¡eres una tortuga![m

[18:57:35] [Server thread/INFO]: TNTBot ha recibido: Construye una torre[m

[18:57:35] [Server thread/INFO]: ChatBot ha recibido: Construye una torre[m

[18:57:35] [Server thread/WARN]: [RaspberryJuice] Error occured handling command
[18:57:35] [Server thread/WARN]: java.lang.NullPointerException: Cannot invoke "org.bukkit.entity.Player.getLocation()" because "currentPlayer" is null

[18:57:35] [Server thread/WARN]: 	at net.zhuoweizhang.raspberryjuice.RemoteSession.handleCommand(RemoteSession.java:263)

[18:57:35] [Server thread/WARN]: 	at net.zhuoweizhang.raspberryjuice.RemoteSession.handleLine(RemoteSession.java:133)

[18:57:35] [Server thread/WARN]: 	at net.zhuoweizhang.raspberryjuice.RemoteSession.tick(RemoteSession.java:113)

[18:57:35] [Server thread/WARN]: 	at net.zhuoweizhang.raspberryjuice.RaspberryJuicePlugin$TickHandler.run(RaspberryJuicePlugin.java:197)

[18:57:35] [Server thread/WARN]: 	at org.bukkit.craftbukkit.v1_12_R1.scheduler.CraftTask.run(CraftTask.java:53)

[18:57:35] [Server thread/WARN]: 	at org.bukkit.craftbukkit.v1_12_R1.scheduler.CraftScheduler.mainThreadHeartbeat(CraftScheduler.java:352)

[18:57:35] [Server thread/WARN]: 	at net.minecraft.server.v1_12_R1.MinecraftServer.D(MinecraftServer.java:689)

[18:57:35] [Server thread/WARN]: 	at net.minecraft.server.v1_12_R1.DedicatedServer.D(DedicatedServer.java:366)

[18:57:35] [Server thread/WARN]: 	at net.minecraft.server.v1_12_R1.MinecraftServer.C(MinecraftServer.java:650)

[18:57:35] [Server thread/WARN]: 	at net.minecraft.server.v1_12_R1.MinecraftServer.run(MinecraftServer.java:554)

[18:57:35] [Server thread/WARN]: 	at java.base/java.lang.Thread.run(Unknown Source)

[18:57:35] [Server thread/INFO]: MoveBehavior: Agente movido a la posición (11, 5, 10)[m

[18:57:35] [Server thread/INFO]: BuildBehavior: Torre de piedra construida.[m

[18:57:35] [Server thread/INFO]: DestroyBehavior: Bloque destruido.[m

[18:57:35] [Server thread/INFO]: ChatBot ha recibido: ¿Quién creó Minecraft?[m

[18:57:35] [Server thread/INFO]: InsultBot dice: ¿Quién creó Minecraft?, pero en realidad, ¡eres una tortuga![m

[18:57:35] [Server thread/INFO]: TNTBot ha recibido: ¿Quién creó Minecraft?[m

[18:57:35] [Server thread/INFO]: ChatBot ha recibido: ¿Quién creó Minecraft?[m

[18:57:35] [Server thread/WARN]: [RaspberryJuice] Error occured handling command
[18:57:35] [Server thread/WARN]: java.lang.NullPointerException: Cannot invoke "org.bukkit.entity.Player.getLocation()" because "currentPlayer" is null

[18:57:35] [Server thread/WARN]: 	at net.zhuoweizhang.raspberryjuice.RemoteSession.handleCommand(RemoteSession.java:263)

[18:57:35] [Server thread/WARN]: 	at net.zhuoweizhang.raspberryjuice.RemoteSession.handleLine(RemoteSession.java:133)

[18:57:35] [Server thread/WARN]: 	at net.zhuoweizhang.raspberryjuice.RemoteSession.tick(RemoteSession.java:113)

[18:57:35] [Server thread/WARN]: 	at net.zhuoweizhang.raspberryjuice.RaspberryJuicePlugin$TickHandler.run(RaspberryJuicePlugin.java:197)

[18:57:35] [Server thread/WARN]: 	at org.bukkit.craftbukkit.v1_12_R1.scheduler.CraftTask.run(CraftTask.java:53)

[18:57:35] [Server thread/WARN]: 	at org.bukkit.craftbukkit.v1_12_R1.scheduler.CraftScheduler.mainThreadHeartbeat(CraftScheduler.java:352)

[18:57:35] [Server thread/WARN]: 	at net.minecraft.server.v1_12_R1.MinecraftServer.D(MinecraftServer.java:689)

[18:57:35] [Server thread/WARN]: 	at net.minecraft.server.v1_12_R1.DedicatedServer.D(DedicatedServer.java:366)

[18:57:35] [Server thread/WARN]: 	at net.minecraft.server.v1_12_R1.MinecraftServer.C(MinecraftServer.java:650)

[18:57:35] [Server thread/WARN]: 	at net.minecraft.server.v1_12_R1.MinecraftServer.run(MinecraftServer.java:554)

[18:57:35] [Server thread/WARN]: 	at java.base/java.lang.Thread.run(Unknown Source)

[18:57:35] [Server thread/INFO]: MoveBehavior: Agente movido a la posición (11, 5, 10)[m

[18:57:35] [Server thread/INFO]: BuildBehavior: Torre de piedra construida.[m

[18:57:35] [Server thread/INFO]: DestroyBehavior: Bloque destruido.[m

[18:57:35] [Server thread/INFO]: ¡Lanzando fuegos artificiales![m

[18:57:35] [Server thread/INFO]: ¡Lanzando fuegos artificiales![m

[18:57:35] [Server thread/INFO]: ¡Lanzando fuegos artificiales![m

[18:57:35] [Server thread/INFO]: ¡Lanzando fuegos artificiales![m

[18:57:35] [Server thread/INFO]: ¡Lanzando fuegos artificiales![m

[19:12:55] [Thread-6/INFO]: [RaspberryJuice] Connection reset
[19:12:55] [Server thread/INFO]: [RaspberryJuice] Closed connection to/127.0.0.1:53801.
[19:12:55] [Server thread/INFO]: [RaspberryJuice] Closed connection to/127.0.0.1:53802.
